The system is: Darwin - 18.2.0 - x86_64
Compiling the C compiler identification source file "CMakeCCompilerId.c" succeeded.
Compiler: /Applications/Xcode.app/Contents/Developer/Toolchains/XcodeDefault.xctoolchain/usr/bin/cc 
Build flags: 
Id flags:  

The output was:
0


Compilation of the C compiler identification source "CMakeCCompilerId.c" produced "a.out"

The C compiler identification is AppleClang, found in "/Users/mig/Desktop/junior-spring/graphics/assignments/GLFW/CMakeFiles/3.13.4/CompilerIdC/a.out"

Determining if the C compiler works passed with the following output:
Change Dir: /Users/mig/Desktop/junior-spring/graphics/assignments/GLFW/CMakeFiles/CMakeTmp

Run Build Command:"/usr/bin/make" "cmTC_db01b/fast"
/Applications/Xcode.app/Contents/Developer/usr/bin/make -f CMakeFiles/cmTC_db01b.dir/build.make CMakeFiles/cmTC_db01b.dir/build
Building C object CMakeFiles/cmTC_db01b.dir/testCCompiler.c.o
/Applications/Xcode.app/Contents/Developer/Toolchains/XcodeDefault.xctoolchain/usr/bin/cc    -o CMakeFiles/cmTC_db01b.dir/testCCompiler.c.o   -c /Users/mig/Desktop/junior-spring/graphics/assignments/GLFW/CMakeFiles/CMakeTmp/testCCompiler.c
Linking C executable cmTC_db01b
/usr/local/Cellar/cmake/3.13.4/bin/cmake -E cmake_link_script CMakeFiles/cmTC_db01b.dir/link.txt --verbose=1
/Applications/Xcode.app/Contents/Developer/Toolchains/XcodeDefault.xctoolchain/usr/bin/cc   -Wl,-search_paths_first -Wl,-headerpad_max_install_names   CMakeFiles/cmTC_db01b.dir/testCCompiler.c.o  -o cmTC_db01b 


Detecting C compiler ABI info compiled with the following output:
Change Dir: /Users/mig/Desktop/junior-spring/graphics/assignments/GLFW/CMakeFiles/CMakeTmp

Run Build Command:"/usr/bin/make" "cmTC_f7687/fast"
/Applications/Xcode.app/Contents/Developer/usr/bin/make -f CMakeFiles/cmTC_f7687.dir/build.make CMakeFiles/cmTC_f7687.dir/build
Building C object CMakeFiles/cmTC_f7687.dir/CMakeCCompilerABI.c.o
/Applications/Xcode.app/Contents/Developer/Toolchains/XcodeDefault.xctoolchain/usr/bin/cc    -o CMakeFiles/cmTC_f7687.dir/CMakeCCompilerABI.c.o   -c /usr/local/Cellar/cmake/3.13.4/share/cmake/Modules/CMakeCCompilerABI.c
Linking C executable cmTC_f7687
/usr/local/Cellar/cmake/3.13.4/bin/cmake -E cmake_link_script CMakeFiles/cmTC_f7687.dir/link.txt --verbose=1
/Applications/Xcode.app/Contents/Developer/Toolchains/XcodeDefault.xctoolchain/usr/bin/cc   -Wl,-search_paths_first -Wl,-headerpad_max_install_names  -v -Wl,-v CMakeFiles/cmTC_f7687.dir/CMakeCCompilerABI.c.o  -o cmTC_f7687 
Apple LLVM version 10.0.0 (clang-1000.11.45.5)
Target: x86_64-apple-darwin18.2.0
Thread model: posix
InstalledDir: /Applications/Xcode.app/Contents/Developer/Toolchains/XcodeDefault.xctoolchain/usr/bin
 "/Applications/Xcode.app/Contents/Developer/Toolchains/XcodeDefault.xctoolchain/usr/bin/ld" -demangle -lto_library /Applications/Xcode.app/Contents/Developer/Toolchains/XcodeDefault.xctoolchain/usr/lib/libLTO.dylib -dynamic -arch x86_64 -macosx_version_min 10.14.0 -o cmTC_f7687 -search_paths_first -headerpad_max_install_names -v CMakeFiles/cmTC_f7687.dir/CMakeCCompilerABI.c.o -lSystem /Applications/Xcode.app/Contents/Developer/Toolchains/XcodeDefault.xctoolchain/usr/lib/clang/10.0.0/lib/darwin/libclang_rt.osx.a
@(#)PROGRAM:ld  PROJECT:ld64-409.12
BUILD 17:47:51 Sep 25 2018
configured to support archs: armv6 armv7 armv7s arm64 i386 x86_64 x86_64h armv6m armv7k armv7m armv7em arm64e arm64_32
Library search paths:
	/usr/lib
	/usr/local/lib
Framework search paths:
	/Library/Frameworks/
	/System/Library/Frameworks/


Parsed C implicit link information from above output:
  link line regex: [^( *|.*[/\])(ld|CMAKE_LINK_STARTFILE-NOTFOUND|([^/\]+-)?ld|collect2)[^/\]*( |$)]
  ignore line: [Change Dir: /Users/mig/Desktop/junior-spring/graphics/assignments/GLFW/CMakeFiles/CMakeTmp]
  ignore line: []
  ignore line: [Run Build Command:"/usr/bin/make" "cmTC_f7687/fast"]
  ignore line: [/Applications/Xcode.app/Contents/Developer/usr/bin/make -f CMakeFiles/cmTC_f7687.dir/build.make CMakeFiles/cmTC_f7687.dir/build]
  ignore line: [Building C object CMakeFiles/cmTC_f7687.dir/CMakeCCompilerABI.c.o]
  ignore line: [/Applications/Xcode.app/Contents/Developer/Toolchains/XcodeDefault.xctoolchain/usr/bin/cc    -o CMakeFiles/cmTC_f7687.dir/CMakeCCompilerABI.c.o   -c /usr/local/Cellar/cmake/3.13.4/share/cmake/Modules/CMakeCCompilerABI.c]
  ignore line: [Linking C executable cmTC_f7687]
  ignore line: [/usr/local/Cellar/cmake/3.13.4/bin/cmake -E cmake_link_script CMakeFiles/cmTC_f7687.dir/link.txt --verbose=1]
  ignore line: [/Applications/Xcode.app/Contents/Developer/Toolchains/XcodeDefault.xctoolchain/usr/bin/cc   -Wl,-search_paths_first -Wl,-headerpad_max_install_names  -v -Wl,-v CMakeFiles/cmTC_f7687.dir/CMakeCCompilerABI.c.o  -o cmTC_f7687 ]
  ignore line: [Apple LLVM version 10.0.0 (clang-1000.11.45.5)]
  ignore line: [Target: x86_64-apple-darwin18.2.0]
  ignore line: [Thread model: posix]
  ignore line: [InstalledDir: /Applications/Xcode.app/Contents/Developer/Toolchains/XcodeDefault.xctoolchain/usr/bin]
  link line: [ "/Applications/Xcode.app/Contents/Developer/Toolchains/XcodeDefault.xctoolchain/usr/bin/ld" -demangle -lto_library /Applications/Xcode.app/Contents/Developer/Toolchains/XcodeDefault.xctoolchain/usr/lib/libLTO.dylib -dynamic -arch x86_64 -macosx_version_min 10.14.0 -o cmTC_f7687 -search_paths_first -headerpad_max_install_names -v CMakeFiles/cmTC_f7687.dir/CMakeCCompilerABI.c.o -lSystem /Applications/Xcode.app/Contents/Developer/Toolchains/XcodeDefault.xctoolchain/usr/lib/clang/10.0.0/lib/darwin/libclang_rt.osx.a]
    arg [/Applications/Xcode.app/Contents/Developer/Toolchains/XcodeDefault.xctoolchain/usr/bin/ld] ==> ignore
    arg [-demangle] ==> ignore
    arg [-lto_library] ==> ignore, skip following value
    arg [/Applications/Xcode.app/Contents/Developer/Toolchains/XcodeDefault.xctoolchain/usr/lib/libLTO.dylib] ==> skip value of -lto_library
    arg [-dynamic] ==> ignore
    arg [-arch] ==> ignore
    arg [x86_64] ==> ignore
    arg [-macosx_version_min] ==> ignore
    arg [10.14.0] ==> ignore
    arg [-o] ==> ignore
    arg [cmTC_f7687] ==> ignore
    arg [-search_paths_first] ==> ignore
    arg [-headerpad_max_install_names] ==> ignore
    arg [-v] ==> ignore
    arg [CMakeFiles/cmTC_f7687.dir/CMakeCCompilerABI.c.o] ==> ignore
    arg [-lSystem] ==> lib [System]
    arg [/Applications/Xcode.app/Contents/Developer/Toolchains/XcodeDefault.xctoolchain/usr/lib/clang/10.0.0/lib/darwin/libclang_rt.osx.a] ==> lib [/Applications/Xcode.app/Contents/Developer/Toolchains/XcodeDefault.xctoolchain/usr/lib/clang/10.0.0/lib/darwin/libclang_rt.osx.a]
  Library search paths: [;/usr/lib;/usr/local/lib]
  Framework search paths: [;/Library/Frameworks/;/System/Library/Frameworks/]
  remove lib [System]
  remove lib [/Applications/Xcode.app/Contents/Developer/Toolchains/XcodeDefault.xctoolchain/usr/lib/clang/10.0.0/lib/darwin/libclang_rt.osx.a]
  collapse library dir [/usr/lib] ==> [/usr/lib]
  collapse library dir [/usr/local/lib] ==> [/usr/local/lib]
  collapse framework dir [/Library/Frameworks/] ==> [/Library/Frameworks]
  collapse framework dir [/System/Library/Frameworks/] ==> [/System/Library/Frameworks]
  implicit libs: []
  implicit dirs: [/usr/lib;/usr/local/lib]
  implicit fwks: [/Library/Frameworks;/System/Library/Frameworks]




Detecting C [-std=c11] compiler features compiled with the following output:
Change Dir: /Users/mig/Desktop/junior-spring/graphics/assignments/GLFW/CMakeFiles/CMakeTmp

Run Build Command:"/usr/bin/make" "cmTC_7fe57/fast"
/Applications/Xcode.app/Contents/Developer/usr/bin/make -f CMakeFiles/cmTC_7fe57.dir/build.make CMakeFiles/cmTC_7fe57.dir/build
Building C object CMakeFiles/cmTC_7fe57.dir/feature_tests.c.o
/Applications/Xcode.app/Contents/Developer/Toolchains/XcodeDefault.xctoolchain/usr/bin/cc   -std=c11 -o CMakeFiles/cmTC_7fe57.dir/feature_tests.c.o   -c /Users/mig/Desktop/junior-spring/graphics/assignments/GLFW/CMakeFiles/feature_tests.c
Linking C executable cmTC_7fe57
/usr/local/Cellar/cmake/3.13.4/bin/cmake -E cmake_link_script CMakeFiles/cmTC_7fe57.dir/link.txt --verbose=1
/Applications/Xcode.app/Contents/Developer/Toolchains/XcodeDefault.xctoolchain/usr/bin/cc   -Wl,-search_paths_first -Wl,-headerpad_max_install_names   CMakeFiles/cmTC_7fe57.dir/feature_tests.c.o  -o cmTC_7fe57 


    Feature record: C_FEATURE:1c_function_prototypes
    Feature record: C_FEATURE:1c_restrict
    Feature record: C_FEATURE:1c_static_assert
    Feature record: C_FEATURE:1c_variadic_macros


Detecting C [-std=c99] compiler features compiled with the following output:
Change Dir: /Users/mig/Desktop/junior-spring/graphics/assignments/GLFW/CMakeFiles/CMakeTmp

Run Build Command:"/usr/bin/make" "cmTC_f5b13/fast"
/Applications/Xcode.app/Contents/Developer/usr/bin/make -f CMakeFiles/cmTC_f5b13.dir/build.make CMakeFiles/cmTC_f5b13.dir/build
Building C object CMakeFiles/cmTC_f5b13.dir/feature_tests.c.o
/Applications/Xcode.app/Contents/Developer/Toolchains/XcodeDefault.xctoolchain/usr/bin/cc   -std=c99 -o CMakeFiles/cmTC_f5b13.dir/feature_tests.c.o   -c /Users/mig/Desktop/junior-spring/graphics/assignments/GLFW/CMakeFiles/feature_tests.c
Linking C executable cmTC_f5b13
/usr/local/Cellar/cmake/3.13.4/bin/cmake -E cmake_link_script CMakeFiles/cmTC_f5b13.dir/link.txt --verbose=1
/Applications/Xcode.app/Contents/Developer/Toolchains/XcodeDefault.xctoolchain/usr/bin/cc   -Wl,-search_paths_first -Wl,-headerpad_max_install_names   CMakeFiles/cmTC_f5b13.dir/feature_tests.c.o  -o cmTC_f5b13 


    Feature record: C_FEATURE:1c_function_prototypes
    Feature record: C_FEATURE:1c_restrict
    Feature record: C_FEATURE:0c_static_assert
    Feature record: C_FEATURE:1c_variadic_macros


Detecting C [-std=c90] compiler features compiled with the following output:
Change Dir: /Users/mig/Desktop/junior-spring/graphics/assignments/GLFW/CMakeFiles/CMakeTmp

Run Build Command:"/usr/bin/make" "cmTC_9f019/fast"
/Applications/Xcode.app/Contents/Developer/usr/bin/make -f CMakeFiles/cmTC_9f019.dir/build.make CMakeFiles/cmTC_9f019.dir/build
Building C object CMakeFiles/cmTC_9f019.dir/feature_tests.c.o
/Applications/Xcode.app/Contents/Developer/Toolchains/XcodeDefault.xctoolchain/usr/bin/cc   -std=c90 -o CMakeFiles/cmTC_9f019.dir/feature_tests.c.o   -c /Users/mig/Desktop/junior-spring/graphics/assignments/GLFW/CMakeFiles/feature_tests.c
Linking C executable cmTC_9f019
/usr/local/Cellar/cmake/3.13.4/bin/cmake -E cmake_link_script CMakeFiles/cmTC_9f019.dir/link.txt --verbose=1
/Applications/Xcode.app/Contents/Developer/Toolchains/XcodeDefault.xctoolchain/usr/bin/cc   -Wl,-search_paths_first -Wl,-headerpad_max_install_names   CMakeFiles/cmTC_9f019.dir/feature_tests.c.o  -o cmTC_9f019 


    Feature record: C_FEATURE:1c_function_prototypes
    Feature record: C_FEATURE:0c_restrict
    Feature record: C_FEATURE:0c_static_assert
    Feature record: C_FEATURE:0c_variadic_macros
Determining if the include file pthread.h exists passed with the following output:
Change Dir: /Users/mig/Desktop/junior-spring/graphics/assignments/GLFW/CMakeFiles/CMakeTmp

Run Build Command:"/usr/bin/make" "cmTC_25625/fast"
/Applications/Xcode.app/Contents/Developer/usr/bin/make -f CMakeFiles/cmTC_25625.dir/build.make CMakeFiles/cmTC_25625.dir/build
Building C object CMakeFiles/cmTC_25625.dir/CheckIncludeFile.c.o
/Applications/Xcode.app/Contents/Developer/Toolchains/XcodeDefault.xctoolchain/usr/bin/cc    -o CMakeFiles/cmTC_25625.dir/CheckIncludeFile.c.o   -c /Users/mig/Desktop/junior-spring/graphics/assignments/GLFW/CMakeFiles/CMakeTmp/CheckIncludeFile.c
Linking C executable cmTC_25625
/usr/local/Cellar/cmake/3.13.4/bin/cmake -E cmake_link_script CMakeFiles/cmTC_25625.dir/link.txt --verbose=1
/Applications/Xcode.app/Contents/Developer/Toolchains/XcodeDefault.xctoolchain/usr/bin/cc   -Wl,-search_paths_first -Wl,-headerpad_max_install_names   CMakeFiles/cmTC_25625.dir/CheckIncludeFile.c.o  -o cmTC_25625 


Determining if the pthread_create exist passed with the following output:
Change Dir: /Users/mig/Desktop/junior-spring/graphics/assignments/GLFW/CMakeFiles/CMakeTmp

Run Build Command:"/usr/bin/make" "cmTC_33635/fast"
/Applications/Xcode.app/Contents/Developer/usr/bin/make -f CMakeFiles/cmTC_33635.dir/build.make CMakeFiles/cmTC_33635.dir/build
Building C object CMakeFiles/cmTC_33635.dir/CheckSymbolExists.c.o
/Applications/Xcode.app/Contents/Developer/Toolchains/XcodeDefault.xctoolchain/usr/bin/cc    -o CMakeFiles/cmTC_33635.dir/CheckSymbolExists.c.o   -c /Users/mig/Desktop/junior-spring/graphics/assignments/GLFW/CMakeFiles/CMakeTmp/CheckSymbolExists.c
Linking C executable cmTC_33635
/usr/local/Cellar/cmake/3.13.4/bin/cmake -E cmake_link_script CMakeFiles/cmTC_33635.dir/link.txt --verbose=1
/Applications/Xcode.app/Contents/Developer/Toolchains/XcodeDefault.xctoolchain/usr/bin/cc   -Wl,-search_paths_first -Wl,-headerpad_max_install_names   CMakeFiles/cmTC_33635.dir/CheckSymbolExists.c.o  -o cmTC_33635 

File /Users/mig/Desktop/junior-spring/graphics/assignments/GLFW/CMakeFiles/CMakeTmp/CheckSymbolExists.c:
/* */
#include <pthread.h>

int main(int argc, char** argv)
{
  (void)argv;
#ifndef pthread_create
  return ((int*)(&pthread_create))[argc];
#else
  (void)argc;
  return 0;
#endif
}

